[debug] [2022-10-29T15:47:53.479Z] ----------------------------------------------------------------------
[debug] [2022-10-29T15:47:53.483Z] Command:       C:\Users\Coelho\DOWNLO~1\firebase-tools-instant-win.exe C:\Users\Coelho\.cache\firebase\tools\lib\node_modules\firebase-tools\lib\bin\firebase init
[debug] [2022-10-29T15:47:53.483Z] CLI Version:   11.15.0
[debug] [2022-10-29T15:47:53.483Z] Platform:      win32
[debug] [2022-10-29T15:47:53.483Z] Node Version:  v16.16.0
[debug] [2022-10-29T15:47:53.485Z] Time:          Sat Oct 29 2022 12:47:53 GMT-0300 (GMT-03:00)
[debug] [2022-10-29T15:47:53.486Z] ----------------------------------------------------------------------
[debug] 
[debug] [2022-10-29T15:47:53.498Z] > command requires scopes: ["email","openid","https://www.googleapis.com/auth/cloudplatformprojects.readonly","https://www.googleapis.com/auth/firebase","https://www.googleapis.com/auth/cloud-platform"]
[debug] [2022-10-29T15:47:53.499Z] > authorizing via signed-in user (omniviatec@gmail.com)
[info] 
     ######## #### ########  ######## ########     ###     ######  ########
     ##        ##  ##     ## ##       ##     ##  ##   ##  ##       ##
     ######    ##  ########  ######   ########  #########  ######  ######
     ##        ##  ##    ##  ##       ##     ## ##     ##       ## ##
     ##       #### ##     ## ######## ########  ##     ##  ######  ########

You're about to initialize a Firebase project in this directory:

  C:\Users\Coelho\Documents\GitHub\SiteOV

[info] 
=== Project Setup
[info] 
[info] First, let's associate this project directory with a Firebase project.
[info] You can create multiple project aliases by running firebase use --add, 
[info] but for now we'll just set up a default project.
[info] 
[debug] [2022-10-29T15:48:11.145Z] >>> [apiv2][query] GET https://firebase.googleapis.com/v1beta1/projects pageSize=100
[debug] [2022-10-29T15:48:12.172Z] <<< [apiv2][status] GET https://firebase.googleapis.com/v1beta1/projects 200
[debug] [2022-10-29T15:48:12.172Z] <<< [apiv2][body] GET https://firebase.googleapis.com/v1beta1/projects [omitted]
[info] i  Using project siteapresentacao (SiteApresentacao) 
[info] 
=== Hosting Setup
[info] 
[info] Your public directory is the folder (relative to your project directory) that
[info] will contain Hosting assets to be uploaded with firebase deploy. If you
[info] have a build process for your assets, use your build's output directory.
[info] 
